Сборка начата 30.09.2023 11:56:05.
Уровень детализации журнала: Normal.     1>Проект "D:\3 семестр\SE\14 лаба\SE_Lab14\SE_Lab14\SE_Lab14.vcxproj" в узле 2 (целевые объекты Rebuild).
     1>_PrepareForClean:
         Файл "Debug\SE_Lab14.tlog\SE_Lab14.lastbuildstate" удаляется.
       InitializeBuildStatus:
         Обращение к "Debug\SE_Lab14.tlog\unsuccessfulbuild".
       ClCompile:
         D:\Professional\VC\Tools\MSVC\14.37.32822\bin\HostX86\x86\CL.exe /c /ZI /JMC /nologo /W3 /WX- /diagnostics:column /sdl /Od /Oy- /D WIN32 /D _DEBUG /D _CONSOLE /D _UNICODE /D UNICODE /Gm- /EHsc /RTC1 /MDd /GS /fp:precise /Zc:wchar_t /Zc:forScope /Zc:inline /permissive- /Fo"Debug\\" /Fd"Debug\vc143.pdb" /external:W3 /Gd /TP /analyze- /FC /errorReport:prompt Error.cpp In.cpp Log.cpp Out.cpp Parm.cpp SE_Lab14.cpp
         Error.cpp
         In.cpp
     1>D:\3 семестр\SE\14 лаба\SE_Lab14\SE_Lab14\In.cpp(92,25): warning C4018: <: несоответствие типов со знаком и без знака
         Log.cpp
         Out.cpp
         Parm.cpp
         SE_Lab14.cpp
     1>D:\3 семестр\SE\14 лаба\SE_Lab14\SE_Lab14\In.cpp(92,25): warning C4018: <: несоответствие типов со знаком и без знака
         Создание кода...
       Link:
         D:\Professional\VC\Tools\MSVC\14.37.32822\bin\HostX86\x86\link.exe /ERRORREPORT:PROMPT /OUT:"D:\3 семестр\SE\14 лаба\SE_Lab14\Debug\SE_Lab14.exe" /INCREMENTAL /ILK:"Debug\SE_Lab14.ilk" /NOLOGO kernel32.lib user32.lib gdi32.lib winspool.lib comdlg32.lib advapi32.lib shell32.lib ole32.lib oleaut32.lib uuid.lib odbc32.lib odbccp32.lib /MANIFEST /MANIFESTUAC:"level='asInvoker' uiAccess='false'" /manifest:embed /DEBUG /PDB:"D:\3 семестр\SE\14 лаба\SE_Lab14\Debug\SE_Lab14.pdb" /SUBSYSTEM:CONSOLE /TLBID:1 /DYNAMICBASE /NXCOMPAT /IMPLIB:"D:\3 семестр\SE\14 лаба\SE_Lab14\Debug\SE_Lab14.lib" /MACHINE:X86 Debug\Error.obj
         Debug\In.obj
         Debug\Log.obj
         Debug\Out.obj
         Debug\Parm.obj
         Debug\SE_Lab14.obj
     1>SE_Lab14.obj : error LNK2005: "struct In::IN __cdecl In::getin(wchar_t * const)" (?getin@In@@YA?AUIN@1@QA_W@Z) уже определен в In.obj
     1>SE_Lab14.obj : error LNK2005: "void __cdecl In::skip(char *,int)" (?skip@In@@YAXPADH@Z) уже определен в In.obj
     1>D:\3 семестр\SE\14 лаба\SE_Lab14\Debug\SE_Lab14.exe : fatal error LNK1169: обнаружен многократно определенный символ - один или более
     1>Сборка проекта "D:\3 семестр\SE\14 лаба\SE_Lab14\SE_Lab14\SE_Lab14.vcxproj" завершена (целевые объекты Rebuild) с ошибкой.

Ошибка сборки.

       "D:\3 семестр\SE\14 лаба\SE_Lab14\SE_Lab14\SE_Lab14.vcxproj" (целевой объект Rebuild ) (1) ->
       (Целевой объект ClCompile) -> 
         D:\3 семестр\SE\14 лаба\SE_Lab14\SE_Lab14\In.cpp(92,25): warning C4018: <: несоответствие типов со знаком и без знака
         D:\3 семестр\SE\14 лаба\SE_Lab14\SE_Lab14\In.cpp(92,25): warning C4018: <: несоответствие типов со знаком и без знака


       "D:\3 семестр\SE\14 лаба\SE_Lab14\SE_Lab14\SE_Lab14.vcxproj" (целевой объект Rebuild ) (1) ->
       (Целевой объект Link) -> 
         SE_Lab14.obj : error LNK2005: "struct In::IN __cdecl In::getin(wchar_t * const)" (?getin@In@@YA?AUIN@1@QA_W@Z) уже определен в In.obj
         SE_Lab14.obj : error LNK2005: "void __cdecl In::skip(char *,int)" (?skip@In@@YAXPADH@Z) уже определен в In.obj
         D:\3 семестр\SE\14 лаба\SE_Lab14\Debug\SE_Lab14.exe : fatal error LNK1169: обнаружен многократно определенный символ - один или более

    Предупреждений: 2
    Ошибок: 3

Прошло времени 00:00:05.66
